<?xml version="1.0" encoding="UTF-8"?>
<testsuite name="br.com.valecard.mscrosscostcenter.controllers.CostCenterControllerTest" tests="7" skipped="0" failures="0" errors="0" timestamp="2025-05-09T12:24:59.207Z" hostname="pedro-Inspiron-15-3530" time="2.712">
  <properties/>
  <testcase name="getCostCenterPaginated_withValidParams_returnsPage()" classname="br.com.valecard.mscrosscostcenter.controllers.CostCenterControllerTest" time="2.504"/>
  <testcase name="createCostCenter_validDto_returnsSavedEntity()" classname="br.com.valecard.mscrosscostcenter.controllers.CostCenterControllerTest" time="0.004"/>
  <testcase name="updateCostCenter_existingEntity_updatesAndReturns()" classname="br.com.valecard.mscrosscostcenter.controllers.CostCenterControllerTest" time="0.004"/>
  <testcase name="importCostCenter_validDto_returnsImportedEntity()" classname="br.com.valecard.mscrosscostcenter.controllers.CostCenterControllerTest" time="0.005"/>
  <testcase name="getCostCenter_existingId_returnsEntity()" classname="br.com.valecard.mscrosscostcenter.controllers.CostCenterControllerTest" time="0.005"/>
  <testcase name="deleteCostCenter_existingId_deletesEntity()" classname="br.com.valecard.mscrosscostcenter.controllers.CostCenterControllerTest" time="0.078"/>
  <testcase name="downloadCostCenterTemplateFile_always_returnsFile()" classname="br.com.valecard.mscrosscostcenter.controllers.CostCenterControllerTest" time="0.104"/>
  <system-out><![CDATA[]]></system-out>
  <system-err><![CDATA[Mockito is currently self-attaching to enable the inline-mock-maker. This will no longer work in future releases of the JDK. Please add Mockito as an agent to your build what is described in Mockito's documentation: https://javadoc.io/doc/org.mockito/mockito-core/latest/org/mockito/Mockito.html#0.3
WARNING: A Java agent has been loaded dynamically (/home/pedro/.gradle/caches/modules-2/files-2.1/net.bytebuddy/byte-buddy-agent/1.15.11/a38b16385e867f59a641330f0362ebe742788ed8/byte-buddy-agent-1.15.11.jar)
WARNING: If a serviceability tool is in use, please run with -XX:+EnableDynamicAgentLoading to hide this warning
WARNING: If a serviceability tool is not in use, please run with -Djdk.instrument.traceUsage for more information
WARNING: Dynamic loading of agents will be disallowed by default in a future release
]]></system-err>
</testsuite>
